<?xml version="1.0" encoding="UTF-8"?>
<!-- Generated by org.testng.reporters.JUnitXMLReporter -->
<testsuite ignored="0" hostname="SYNPYHYL047MM7Z" failures="0" tests="4" name="testing" time="0.145" errors="0" timestamp="2023-10-09T11:49:47 IST">
  <testcase classname="TestNg.Grouping$groupExamples" name="testCaseFour" time="0.018"/>
  <testcase classname="TestNg.Grouping$groupExamples" name="testCaseOne" time="0.002"/>
  <testcase classname="TestNg.Grouping$groupExamples" name="testCaseThree" time="0.002"/>
  <testcase classname="TestNg.Grouping$groupExamples" name="testCaseTwo" time="0.002"/>
</testsuite> <!-- testing -->
