<?xml version="1.0" encoding="UTF-8"?>
<!-- Generated by org.testng.reporters.JUnitXMLReporter -->
<testsuite ignored="0" hostname="SYNPYHYL047MM7Z" failures="0" tests="3" name="Default test" time="0.176" errors="0" timestamp="2023-10-09T12:32:29 IST">
  <testcase classname="TestNg.WebAppTests" name="testDuplicateRegistration" time="0.024"/>
  <testcase classname="TestNg.WebAppTests" name="testSuccessfulRegistration" time="0.003"/>
  <testcase classname="TestNg.WebAppTests" name="testValidLogin" time="0.003"/>
</testsuite> <!-- Default test -->
