<?xml version="1.0" encoding="UTF-8"?>
<!-- Generated by org.testng.reporters.JUnitXMLReporter -->
<testsuite ignored="0" hostname="SYNPYHYL047MM7Z" failures="0" tests="4" name="Test" time="0.14" errors="0" timestamp="2023-10-09T15:15:07 IST">
  <testcase classname="TestNg.Parallel" name="Test1" time="0.015"/>
  <testcase classname="TestNg.Parallel" name="Test2" time="0.003"/>
  <testcase classname="ParallelEx.Parallel1" name="Test1" time="0.002"/>
  <testcase classname="ParallelEx.Parallel1" name="Test2" time="0.002"/>
</testsuite> <!-- Test -->
