<?xml version="1.0" encoding="UTF-8"?>
<testng-results ignored="0" total="4" passed="4" failed="0" skipped="0">
  <reporter-output>
  </reporter-output>
  <suite started-at="2023-10-09T15:15:07 IST" name="demoSuite" finished-at="2023-10-09T15:15:07 IST" duration-ms="140">
    <groups>
    </groups>
    <test started-at="2023-10-09T15:15:07 IST" name="Test" finished-at="2023-10-09T15:15:07 IST" duration-ms="140">
      <class name="ParallelEx.Parallel1">
        <test-method signature="Test1()[pri:0, instance:ParallelEx.Parallel1@6e0f5f7f]" started-at="2023-10-09T15:15:07 IST" name="Test1" finished-at="2023-10-09T15:15:07 IST" duration-ms="2" status="PASS">
          <reporter-output>
          </reporter-output>
        </test-method> <!-- Test1 -->
        <test-method signature="Test2()[pri:0, instance:ParallelEx.Parallel1@6e0f5f7f]" started-at="2023-10-09T15:15:07 IST" name="Test2" finished-at="2023-10-09T15:15:07 IST" duration-ms="2" status="PASS">
          <reporter-output>
          </reporter-output>
        </test-method> <!-- Test2 -->
      </class> <!-- ParallelEx.Parallel1 -->
      <class name="TestNg.Parallel">
        <test-method signature="Test1()[pri:0, instance:TestNg.Parallel@52af26ee]" started-at="2023-10-09T15:15:07 IST" name="Test1" finished-at="2023-10-09T15:15:07 IST" duration-ms="15" status="PASS">
          <reporter-output>
          </reporter-output>
        </test-method> <!-- Test1 -->
        <test-method signature="Test2()[pri:0, instance:TestNg.Parallel@52af26ee]" started-at="2023-10-09T15:15:07 IST" name="Test2" finished-at="2023-10-09T15:15:07 IST" duration-ms="3" status="PASS">
          <reporter-output>
          </reporter-output>
        </test-method> <!-- Test2 -->
      </class> <!-- TestNg.Parallel -->
    </test> <!-- Test -->
  </suite> <!-- demoSuite -->
</testng-results>
